<?xml version="1.0" encoding="UTF-8"?>
<!-- Generated by org.testng.reporters.JUnitReportReporter -->
<testsuite hostname="LAPTOP-R176C8G8" failures="0" tests="3" name="qaclickacademy.AppiumTest" time="0.003" errors="0" timestamp="2022-02-14T15:12:30 IST" skipped="0">
  <testcase classname="qaclickacademy.AppiumTest" name="NativeAPpAndroid" time="0.001"/>
  <system-out/>
  <testcase classname="qaclickacademy.AppiumTest" name="NativeAPpAndroidS" time="0.001"/>
  <system-out/>
  <testcase classname="qaclickacademy.AppiumTest" name="IOSApps" time="0.001"/>
  <system-out/>
</testsuite> <!-- qaclickacademy.AppiumTest -->
