<?xml version="1.0" encoding="UTF-8"?>
<!-- Generated by org.testng.reporters.JUnitReportReporter -->
<testsuite hostname="LAPTOP-R176C8G8" failures="0" tests="3" name="qaclickacademy.RESTAPITest" time="0.005" errors="0" timestamp="2022-02-14T15:12:30 IST" skipped="0">
  <testcase classname="qaclickacademy.RESTAPITest" name="postJira" time="0.002"/>
  <system-out/>
  <testcase classname="qaclickacademy.RESTAPITest" name="deleteTwitter" time="0.001"/>
  <system-out/>
  <testcase classname="qaclickacademy.RESTAPITest" name="deleteTwitter12" time="0.002"/>
  <system-out/>
</testsuite> <!-- qaclickacademy.RESTAPITest -->
